<?xml version="1.0" encoding="UTF-8"?>
<!-- Generated by org.testng.reporters.JUnitXMLReporter -->
<testsuite ignored="0" hostname="WIN-8I04HMP8KBE" failures="0" tests="3" name="Default test" time="39.33" errors="0" timestamp="2025-04-07T13:05:42 IST">
  <testcase classname="com.comcast.crm.ContacttestwithPom.CreateContacttest" name="Createcontact" time="9.671"/>
  <testcase classname="com.comcast.crm.ContacttestwithPom.CreateContacttest" name="createContactWithOrgTest" time="7.805"/>
  <testcase classname="com.comcast.crm.ContacttestwithPom.CreateContacttest" name="createContactWithSupportDate" time="3.888"/>
</testsuite> <!-- Default test -->
