<?xml version="1.0" encoding="UTF-8"?>
<!-- Generated by org.testng.reporters.JUnitXMLReporter -->
<testsuite ignored="2" hostname="WIN-8I04HMP8KBE" failures="0" tests="6" name="Test" time="91.263" errors="0" timestamp="2025-04-08T18:11:02 IST">
  <testcase classname="com.comcast.crm.ContacttestwithPom.CreateContacttest" name="Createcontact" time="11.105"/>
  <testcase classname="com.comcast.crm.ContacttestwithPom.CreateContacttest" name="createContactWithOrgTest" time="12.905"/>
  <testcase classname="com.comcast.crm.ContacttestwithPom.CreateContacttest" name="createContactWithSupportDate" time="4.981"/>
  <testcase classname="com.comcast.crm.OrgTestWithPom.CreateOrganizationTest" name="CreateOrg" time="8.262"/>
  <testcase classname="com.comcast.crm.OrgTestWithPom.CreateOrganizationTest" name="CreateOrgWithIndustriesTest" time="6.425"/>
  <testcase classname="com.comcast.crm.OrgTestWithPom.CreateOrganizationTest" name="CreateOrgWithPhoneNumberTest" time="4.988"/>
  <testcase classname="com.comcast.crm.basetest.BaseClass" name="@BeforeSuite configBS" time="0.0">
    <ignored/>
  </testcase> <!-- @BeforeSuite configBS -->
  <testcase classname="com.comcast.crm.basetest.BaseClass" name="@AfterSuite configAS" time="0.0">
    <ignored/>
  </testcase> <!-- @AfterSuite configAS -->
</testsuite> <!-- Test -->
