<?xml version="1.0" encoding="UTF-8"?>
<testng-results ignored="0" total="1" passed="1" failed="0" skipped="0">
  <reporter-output>
  </reporter-output>
  <suite started-at="2025-04-09T12:53:08 IST" name="Default suite" finished-at="2025-04-09T12:53:37 IST" duration-ms="29016">
    <groups>
    </groups>
    <test started-at="2025-04-09T12:53:08 IST" name="Default test" finished-at="2025-04-09T12:53:37 IST" duration-ms="29016">
      <class name="practice.test.Practice1">
        <test-method signature="ninzaHrmTest()[pri:0, instance:practice.test.Practice1@25df00a0]" started-at="2025-04-09T12:53:08 IST" name="ninzaHrmTest" finished-at="2025-04-09T12:53:37 IST" duration-ms="28956" status="PASS">
          <reporter-output>
          </reporter-output>
        </test-method> <!-- ninzaHrmTest -->
      </class> <!-- practice.test.Practice1 -->
    </test> <!-- Default test -->
  </suite> <!-- Default suite -->
</testng-results>
