<?xml version="1.0" encoding="UTF-8"?>
<testng-results ignored="0" total="3" passed="2" failed="1" skipped="0">
  <reporter-output>
  </reporter-output>
  <suite started-at="2025-04-10T12:27:24 IST" name="Default suite" finished-at="2025-04-10T12:28:05 IST" duration-ms="40395">
    <groups>
      <group name="regressionTest">
        <method signature="CreateOrganizationTest.CreateOrgWithIndustriesTest()[pri:0, instance:com.comcast.crm.OrgTestWithPom.CreateOrganizationTest@448c8166]" name="CreateOrgWithIndustriesTest" class="com.comcast.crm.OrgTestWithPom.CreateOrganizationTest"/>
        <method signature="CreateOrganizationTest.CreateOrgWithPhoneNumberTest()[pri:0, instance:com.comcast.crm.OrgTestWithPom.CreateOrganizationTest@448c8166]" name="CreateOrgWithPhoneNumberTest" class="com.comcast.crm.OrgTestWithPom.CreateOrganizationTest"/>
      </group> <!-- regressionTest -->
      <group name="smokeTest">
        <method signature="CreateOrganizationTest.CreateOrg()[pri:0, instance:com.comcast.crm.OrgTestWithPom.CreateOrganizationTest@448c8166]" name="CreateOrg" class="com.comcast.crm.OrgTestWithPom.CreateOrganizationTest"/>
      </group> <!-- smokeTest -->
    </groups>
    <test started-at="2025-04-10T12:27:24 IST" name="Default test" finished-at="2025-04-10T12:28:05 IST" duration-ms="40395">
      <class name="com.comcast.crm.OrgTestWithPom.CreateOrganizationTest">
        <test-method is-config="true" signature="configBS()[pri:0, instance:com.comcast.crm.OrgTestWithPom.CreateOrganizationTest@448c8166]" started-at="2025-04-10T12:27:24 IST" name="configBS" finished-at="2025-04-10T12:27:24 IST" duration-ms="415" status="PASS">
          <reporter-output>
          </reporter-output>
        </test-method> <!-- configBS -->
        <test-method is-config="true" signature="configBC(java.lang.String)[pri:0, instance:com.comcast.crm.OrgTestWithPom.CreateOrganizationTest@448c8166]" started-at="2025-04-10T12:27:24 IST" name="configBC" finished-at="2025-04-10T12:27:27 IST" duration-ms="2683" status="PASS">
          <params>
            <param index="0">
              <value>
                <![CDATA[chrome]]>
              </value>
            </param>
          </params>
          <reporter-output>
          </reporter-output>
        </test-method> <!-- configBC -->
        <test-method is-config="true" signature="configBM()[pri:0, instance:com.comcast.crm.OrgTestWithPom.CreateOrganizationTest@448c8166]" started-at="2025-04-10T12:27:27 IST" name="configBM" finished-at="2025-04-10T12:27:41 IST" duration-ms="13723" status="PASS">
          <reporter-output>
          </reporter-output>
        </test-method> <!-- configBM -->
        <test-method signature="CreateOrg()[pri:0, instance:com.comcast.crm.OrgTestWithPom.CreateOrganizationTest@448c8166]" started-at="2025-04-10T12:27:41 IST" name="CreateOrg" finished-at="2025-04-10T12:27:41 IST" duration-ms="903" status="FAIL">
          <exception class="java.lang.NullPointerException">
            <message>
              <![CDATA[Cannot invoke "org.apache.poi.ss.usermodel.Cell.getStringCellValue()" because the return value of "org.apache.poi.ss.usermodel.Row.getCell(int)" is null]]>
            </message>
            <full-stacktrace>
              <![CDATA[java.lang.NullPointerException: Cannot invoke "org.apache.poi.ss.usermodel.Cell.getStringCellValue()" because the return value of "org.apache.poi.ss.usermodel.Row.getCell(int)" is null
at com.comcast.crm.generic.fileutility.ExcelUtility.getDataFromExcel(ExcelUtility.java:15)
at com.comcast.crm.OrgTestWithPom.CreateOrganizationTest.CreateOrg(CreateOrganizationTest.java:26)
at java.base/jdk.internal.reflect.DirectMethodHandleAccessor.invoke(DirectMethodHandleAccessor.java:103)
at java.base/java.lang.reflect.Method.invoke(Method.java:580)
at org.testng.internal.invokers.MethodInvocationHelper.invokeMethod(MethodInvocationHelper.java:141)
at org.testng.internal.invokers.TestInvoker.invokeMethod(TestInvoker.java:686)
at org.testng.internal.invokers.TestInvoker.invokeTestMethod(TestInvoker.java:230)
at org.testng.internal.invokers.MethodRunner.runInSequence(MethodRunner.java:63)
at org.testng.internal.invokers.TestInvoker$MethodInvocationAgent.invoke(TestInvoker.java:992)
at org.testng.internal.invokers.TestInvoker.invokeTestMethods(TestInvoker.java:203)
at org.testng.internal.invokers.TestMethodWorker.invokeTestMethods(TestMethodWorker.java:154)
at org.testng.internal.invokers.TestMethodWorker.run(TestMethodWorker.java:134)
at java.base/java.util.ArrayList.forEach(ArrayList.java:1596)
at org.testng.TestRunner.privateRun(TestRunner.java:739)
at org.testng.TestRunner.run(TestRunner.java:614)
at org.testng.SuiteRunner.runTest(SuiteRunner.java:421)
at org.testng.SuiteRunner.runSequentially(SuiteRunner.java:413)
at org.testng.SuiteRunner.privateRun(SuiteRunner.java:373)
at org.testng.SuiteRunner.run(SuiteRunner.java:312)
at org.testng.SuiteRunnerWorker.runSuite(SuiteRunnerWorker.java:52)
at org.testng.SuiteRunnerWorker.run(SuiteRunnerWorker.java:95)
at org.testng.TestNG.runSuitesSequentially(TestNG.java:1274)
at org.testng.TestNG.runSuitesLocally(TestNG.java:1208)
at org.testng.TestNG.runSuites(TestNG.java:1112)
at org.testng.TestNG.run(TestNG.java:1079)
at org.testng.remote.AbstractRemoteTestNG.run(AbstractRemoteTestNG.java:115)
at org.testng.remote.RemoteTestNG.initAndRun(RemoteTestNG.java:293)
at org.testng.remote.RemoteTestNG.main(RemoteTestNG.java:91)
]]>
            </full-stacktrace>
          </exception> <!-- java.lang.NullPointerException -->
          <reporter-output>
          </reporter-output>
        </test-method> <!-- CreateOrg -->
        <test-method is-config="true" signature="configAM()[pri:0, instance:com.comcast.crm.OrgTestWithPom.CreateOrganizationTest@448c8166]" started-at="2025-04-10T12:27:42 IST" name="configAM" finished-at="2025-04-10T12:27:43 IST" duration-ms="1627" status="PASS">
          <reporter-output>
          </reporter-output>
        </test-method> <!-- configAM -->
        <test-method is-config="true" signature="configBM()[pri:0, instance:com.comcast.crm.OrgTestWithPom.CreateOrganizationTest@448c8166]" started-at="2025-04-10T12:27:43 IST" name="configBM" finished-at="2025-04-10T12:27:46 IST" duration-ms="2202" status="PASS">
          <reporter-output>
          </reporter-output>
        </test-method> <!-- configBM -->
        <test-method signature="CreateOrgWithIndustriesTest()[pri:0, instance:com.comcast.crm.OrgTestWithPom.CreateOrganizationTest@448c8166]" started-at="2025-04-10T12:27:46 IST" name="CreateOrgWithIndustriesTest" finished-at="2025-04-10T12:27:57 IST" duration-ms="11224" status="PASS">
          <reporter-output>
          </reporter-output>
        </test-method> <!-- CreateOrgWithIndustriesTest -->
        <test-method is-config="true" signature="configAM()[pri:0, instance:com.comcast.crm.OrgTestWithPom.CreateOrganizationTest@448c8166]" started-at="2025-04-10T12:27:57 IST" name="configAM" finished-at="2025-04-10T12:27:58 IST" duration-ms="861" status="PASS">
          <reporter-output>
          </reporter-output>
        </test-method> <!-- configAM -->
        <test-method is-config="true" signature="configBM()[pri:0, instance:com.comcast.crm.OrgTestWithPom.CreateOrganizationTest@448c8166]" started-at="2025-04-10T12:27:58 IST" name="configBM" finished-at="2025-04-10T12:27:59 IST" duration-ms="1205" status="PASS">
          <reporter-output>
          </reporter-output>
        </test-method> <!-- configBM -->
        <test-method signature="CreateOrgWithPhoneNumberTest()[pri:0, instance:com.comcast.crm.OrgTestWithPom.CreateOrganizationTest@448c8166]" started-at="2025-04-10T12:27:59 IST" name="CreateOrgWithPhoneNumberTest" finished-at="2025-04-10T12:28:03 IST" duration-ms="4347" status="PASS">
          <reporter-output>
          </reporter-output>
        </test-method> <!-- CreateOrgWithPhoneNumberTest -->
        <test-method is-config="true" signature="configAM()[pri:0, instance:com.comcast.crm.OrgTestWithPom.CreateOrganizationTest@448c8166]" started-at="2025-04-10T12:28:03 IST" name="configAM" finished-at="2025-04-10T12:28:04 IST" duration-ms="593" status="PASS">
          <reporter-output>
          </reporter-output>
        </test-method> <!-- configAM -->
        <test-method is-config="true" signature="configAC()[pri:0, instance:com.comcast.crm.OrgTestWithPom.CreateOrganizationTest@448c8166]" started-at="2025-04-10T12:28:04 IST" name="configAC" finished-at="2025-04-10T12:28:05 IST" duration-ms="758" status="PASS">
          <reporter-output>
          </reporter-output>
        </test-method> <!-- configAC -->
        <test-method is-config="true" signature="configAS()[pri:0, instance:com.comcast.crm.OrgTestWithPom.CreateOrganizationTest@448c8166]" started-at="2025-04-10T12:28:05 IST" name="configAS" finished-at="2025-04-10T12:28:05 IST" duration-ms="15" status="PASS">
          <reporter-output>
          </reporter-output>
        </test-method> <!-- configAS -->
      </class> <!-- com.comcast.crm.OrgTestWithPom.CreateOrganizationTest -->
    </test> <!-- Default test -->
  </suite> <!-- Default suite -->
</testng-results>
